<?xml version="1.0" encoding="UTF-8"?>
<!-- Generated by org.testng.reporters.JUnitXMLReporter -->
<testsuite hostname="BDC7-L-6441R9C" ignored="0" name="Default test" tests="3" failures="0" timestamp="29 Jul 2018 07:40:11 GMT" time="49.922" errors="0">
  <testcase name="logonPageTitleTest" time="0.087" classname="com.crm.qa.testcases.LoginPageTest"/>
  <testcase name="crmLogoTest" time="0.135" classname="com.crm.qa.testcases.LoginPageTest"/>
  <testcase name="loginTest" time="9.446" classname="com.crm.qa.testcases.LoginPageTest"/>
</testsuite> <!-- Default test -->
