<?xml version="1.0" encoding="UTF-8"?>
<!-- Generated by org.testng.reporters.JUnitXMLReporter -->
<testsuite hostname="BDC7-L-6441R9C" ignored="0" name="Test Free CRM Site" tests="10" failures="0" timestamp="29 Jul 2018 08:30:47 GMT" time="288.489" errors="0">
  <testcase name="logonPageTitleTest" time="0.157" classname="com.crm.qa.testcases.LoginPageTest"/>
  <testcase name="verifyContactPageLabel" time="8.207" classname="com.crm.qa.testcases.ContactsPageTest"/>
  <testcase name="validateUserNameLabelIsDisplayed" time="0.286" classname="com.crm.qa.testcases.HomePageTest"/>
  <testcase name="crmLogoTest" time="0.144" classname="com.crm.qa.testcases.LoginPageTest"/>
  <testcase name="addNewContacts" time="4.992" classname="com.crm.qa.testcases.ContactsPageTest"/>
  <testcase name="addNewContacts" time="4.409" classname="com.crm.qa.testcases.ContactsPageTest"/>
  <testcase name="addNewContacts" time="4.757" classname="com.crm.qa.testcases.ContactsPageTest"/>
  <testcase name="validateUserNameLabelTest" time="0.194" classname="com.crm.qa.testcases.HomePageTest"/>
  <testcase name="loginTest" time="7.291" classname="com.crm.qa.testcases.LoginPageTest"/>
  <testcase name="verifyContactListTest" time="0.323" classname="com.crm.qa.testcases.HomePageTest"/>
</testsuite> <!-- Test Free CRM Site -->
